<?xml version="1.0" encoding="UTF-8"?>
<!-- Generated by org.testng.reporters.JUnitXMLReporter -->
<testsuite ignored="6" hostname="0ed34989abc9" failures="0" tests="1" name="Default test" time="2.34" errors="0" timestamp="2024-11-19T12:32:01 UTC">
  <testcase classname="test.BestBuyApiTesting" name="verifyDeleteProduct" time="1.73"/>
  <testcase classname="test.BestBuyApiTesting" name="verifyGetProductWithId" time="0.0">
    <ignored/>
  </testcase> <!-- verifyGetProductWithId -->
  <testcase classname="test.BestBuyApiTesting" name="verifyGetProductWithLimit" time="0.0">
    <ignored/>
  </testcase> <!-- verifyGetProductWithLimit -->
  <testcase classname="test.BestBuyApiTesting" name="verifyPatchProduct" time="0.0">
    <ignored/>
  </testcase> <!-- verifyPatchProduct -->
  <testcase classname="test.BestBuyApiTesting" name="verifyPostProductAsObject" time="0.0">
    <ignored/>
  </testcase> <!-- verifyPostProductAsObject -->
  <testcase classname="test.BestBuyApiTesting" name="verifyPostProduct" time="0.0">
    <ignored/>
  </testcase> <!-- verifyPostProduct -->
  <testcase classname="test.BestBuyApiTesting" name="verifyGetProduct" time="0.0">
    <ignored/>
  </testcase> <!-- verifyGetProduct -->
</testsuite> <!-- Default test -->
