<?xml version="1.0" encoding="UTF-8"?>
<testng-results ignored="6" total="7" passed="1" failed="0" skipped="0">
  <reporter-output>
  </reporter-output>
  <suite started-at="2024-11-19T12:31:58 UTC" name="Default suite" finished-at="2024-11-19T12:32:01 UTC" duration-ms="2340">
    <groups>
    </groups>
    <test started-at="2024-11-19T12:31:58 UTC" name="Default test" finished-at="2024-11-19T12:32:01 UTC" duration-ms="2340">
      <class name="test.BestBuyApiTesting">
        <test-method is-config="true" signature="setup()[pri:0, instance:test.BestBuyApiTesting@696da30b]" started-at="2024-11-19T12:31:58 UTC" name="setup" finished-at="2024-11-19T12:31:59 UTC" duration-ms="585" status="PASS">
          <reporter-output>
          </reporter-output>
        </test-method> <!-- setup -->
        <test-method signature="verifyDeleteProduct()[pri:0, instance:test.BestBuyApiTesting@696da30b]" started-at="2024-11-19T12:31:59 UTC" name="verifyDeleteProduct" finished-at="2024-11-19T12:32:01 UTC" duration-ms="1730" status="PASS">
          <reporter-output>
          </reporter-output>
        </test-method> <!-- verifyDeleteProduct -->
      </class> <!-- test.BestBuyApiTesting -->
    </test> <!-- Default test -->
  </suite> <!-- Default suite -->
</testng-results>
